  ▲ Next.js 14.2.5
  - Environments: .env.local

   Creating an optimized production build ...
 ✓ Compiled successfully
   Linting and checking validity of types ...
   Collecting page data ...
   Generating static pages (0/16) ...
   Generating static pages (4/16) 
   Generating static pages (8/16) 
   Generating static pages (12/16) 
 ✓ Generating static pages (16/16)
   Finalizing page optimization ...
   Collecting build traces ...

Route (app)                              Size     First Load JS
┌ ○ /                                    137 B          87.2 kB
├ ○ /_not-found                          871 B          87.9 kB
├ ƒ /api/auth/login                      0 B                0 B
├ ƒ /api/proxy                           0 B                0 B
├ ○ /dashboard                           2.54 kB        95.9 kB
├ ○ /dashboard/certify                   3.37 kB        96.8 kB
├ ○ /dashboard/companies                 2.22 kB        96.1 kB
├ ○ /dashboard/disconnected              4.89 kB        94.7 kB
├ ○ /dashboard/drivers                   2.71 kB        89.8 kB
├ ○ /dashboard/errors                    3.67 kB        97.1 kB
├ ○ /dashboard/profile                   3.4 kB         96.8 kB
├ ○ /dashboard/swap                      4.28 kB        97.7 kB
├ ○ /dashboard/violations                3.98 kB        97.4 kB
└ ○ /login                               1.89 kB        88.9 kB
+ First Load JS shared by all            87.1 kB
  ├ chunks/23-959a35c78a95ac97.js        31.5 kB
  ├ chunks/fd9d1056-99698e2e9c7f3a30.js  53.6 kB
  └ other shared chunks (total)          1.89 kB


○  (Static)   prerendered as static content
ƒ  (Dynamic)  server-rendered on demand

